{"C:\\Users\\steve\\OneDrive\\Documentos\\Sistema de usuarios\\user-management\\src\\index.js": {"path":"C:\\Users\\steve\\OneDrive\\Documentos\\Sistema de usuarios\\user-management\\src\\index.js","statementMap":{"0":{"start":{"line":7,"column":12},"end":{"line":7,"column":21}},"1":{"start":{"line":9,"column":0},"end":{"line":9,"column":16}},"2":{"start":{"line":10,"column":0},"end":{"line":10,"column":24}},"3":{"start":{"line":13,"column":0},"end":{"line":13,"column":29}},"4":{"start":{"line":15,"column":0},"end":{"line":20,"column":65}},"5":{"start":{"line":18,"column":4},"end":{"line":18,"column":46}},"6":{"start":{"line":20,"column":18},"end":{"line":20,"column":63}},"7":{"start":{"line":22,"column":13},"end":{"line":22,"column":37}},"8":{"start":{"line":23,"column":0},"end":{"line":25,"column":3}},"9":{"start":{"line":24,"column":2},"end":{"line":24,"column":57}}},"fnMap":{"0":{"name":"(anonymous_0)","decl":{"start":{"line":17,"column":8},"end":{"line":17,"column":9}},"loc":{"start":{"line":17,"column":14},"end":{"line":19,"column":3}},"line":17},"1":{"name":"(anonymous_1)","decl":{"start":{"line":20,"column":9},"end":{"line":20,"column":10}},"loc":{"start":{"line":20,"column":18},"end":{"line":20,"column":63}},"line":20},"2":{"name":"(anonymous_2)","decl":{"start":{"line":23,"column":17},"end":{"line":23,"column":18}},"loc":{"start":{"line":23,"column":23},"end":{"line":25,"column":1}},"line":23}},"branchMap":{"0":{"loc":{"start":{"line":22,"column":13},"end":{"line":22,"column":37}},"type":"binary-expr","locations":[{"start":{"line":22,"column":13},"end":{"line":22,"column":29}},{"start":{"line":22,"column":33},"end":{"line":22,"column":37}}],"line":22}},"s":{"0":1,"1":1,"2":1,"3":1,"4":1,"5":1,"6":0,"7":1,"8":1,"9":1},"f":{"0":1,"1":0,"2":1},"b":{"0":[1,0]},"_coverageSchema":"1a1c01bbd47fc00a2c39e90264f33305004495a9","hash":"e5f8986fed819a482081d821b3fdbbf63c5b0f16"}
,"C:\\Users\\steve\\OneDrive\\Documentos\\Sistema de usuarios\\user-management\\src\\config\\db.js": {"path":"C:\\Users\\steve\\OneDrive\\Documentos\\Sistema de usuarios\\user-management\\src\\config\\db.js","statementMap":{"0":{"start":{"line":3,"column":18},"end":{"line":11,"column":1}}},"fnMap":{},"branchMap":{},"s":{"0":1},"f":{},"b":{},"_coverageSchema":"1a1c01bbd47fc00a2c39e90264f33305004495a9","hash":"1dd83eb42141d2df513b6b6173f0a7220095c903"}
,"C:\\Users\\steve\\OneDrive\\Documentos\\Sistema de usuarios\\user-management\\src\\models\\user.js": {"path":"C:\\Users\\steve\\OneDrive\\Documentos\\Sistema de usuarios\\user-management\\src\\models\\user.js","statementMap":{"0":{"start":{"line":4,"column":13},"end":{"line":24,"column":1}}},"fnMap":{},"branchMap":{},"s":{"0":1},"f":{},"b":{},"_coverageSchema":"1a1c01bbd47fc00a2c39e90264f33305004495a9","hash":"283cb8150ffbde949e2432c215bb80dfe577c29e"}
,"C:\\Users\\steve\\OneDrive\\Documentos\\Sistema de usuarios\\user-management\\src\\routes\\auth.routes.js": {"path":"C:\\Users\\steve\\OneDrive\\Documentos\\Sistema de usuarios\\user-management\\src\\routes\\auth.routes.js","statementMap":{"0":{"start":{"line":6,"column":15},"end":{"line":6,"column":31}},"1":{"start":{"line":8,"column":0},"end":{"line":26,"column":3}},"2":{"start":{"line":9,"column":2},"end":{"line":25,"column":3}},"3":{"start":{"line":10,"column":32},"end":{"line":10,"column":40}},"4":{"start":{"line":12,"column":23},"end":{"line":12,"column":63}},"5":{"start":{"line":13,"column":4},"end":{"line":15,"column":5}},"6":{"start":{"line":14,"column":6},"end":{"line":14,"column":70}},"7":{"start":{"line":17,"column":17},"end":{"line":17,"column":41}},"8":{"start":{"line":18,"column":27},"end":{"line":18,"column":60}},"9":{"start":{"line":20,"column":4},"end":{"line":20,"column":59}},"10":{"start":{"line":21,"column":4},"end":{"line":21,"column":78}},"11":{"start":{"line":23,"column":4},"end":{"line":23,"column":25}},"12":{"start":{"line":24,"column":4},"end":{"line":24,"column":64}},"13":{"start":{"line":29,"column":0},"end":{"line":53,"column":3}},"14":{"start":{"line":30,"column":2},"end":{"line":52,"column":3}},"15":{"start":{"line":31,"column":32},"end":{"line":31,"column":40}},"16":{"start":{"line":33,"column":17},"end":{"line":33,"column":57}},"17":{"start":{"line":34,"column":4},"end":{"line":36,"column":5}},"18":{"start":{"line":35,"column":6},"end":{"line":35,"column":72}},"19":{"start":{"line":38,"column":20},"end":{"line":38,"column":65}},"20":{"start":{"line":39,"column":4},"end":{"line":41,"column":5}},"21":{"start":{"line":40,"column":6},"end":{"line":40,"column":72}},"22":{"start":{"line":43,"column":20},"end":{"line":43,"column":39}},"23":{"start":{"line":44,"column":18},"end":{"line":46,"column":6}},"24":{"start":{"line":48,"column":4},"end":{"line":48,"column":30}},"25":{"start":{"line":50,"column":4},"end":{"line":50,"column":25}},"26":{"start":{"line":51,"column":4},"end":{"line":51,"column":64}}},"fnMap":{"0":{"name":"(anonymous_0)","decl":{"start":{"line":8,"column":25},"end":{"line":8,"column":26}},"loc":{"start":{"line":8,"column":45},"end":{"line":26,"column":1}},"line":8},"1":{"name":"(anonymous_1)","decl":{"start":{"line":29,"column":22},"end":{"line":29,"column":23}},"loc":{"start":{"line":29,"column":42},"end":{"line":53,"column":1}},"line":29}},"branchMap":{"0":{"loc":{"start":{"line":13,"column":4},"end":{"line":15,"column":5}},"type":"if","locations":[{"start":{"line":13,"column":4},"end":{"line":15,"column":5}},{"start":{},"end":{}}],"line":13},"1":{"loc":{"start":{"line":34,"column":4},"end":{"line":36,"column":5}},"type":"if","locations":[{"start":{"line":34,"column":4},"end":{"line":36,"column":5}},{"start":{},"end":{}}],"line":34},"2":{"loc":{"start":{"line":39,"column":4},"end":{"line":41,"column":5}},"type":"if","locations":[{"start":{"line":39,"column":4},"end":{"line":41,"column":5}},{"start":{},"end":{}}],"line":39}},"s":{"0":1,"1":1,"2":1,"3":1,"4":1,"5":1,"6":1,"7":0,"8":0,"9":0,"10":0,"11":0,"12":0,"13":1,"14":2,"15":2,"16":2,"17":2,"18":0,"19":2,"20":2,"21":1,"22":1,"23":1,"24":1,"25":0,"26":0},"f":{"0":1,"1":2},"b":{"0":[1,0],"1":[0,2],"2":[1,1]},"_coverageSchema":"1a1c01bbd47fc00a2c39e90264f33305004495a9","hash":"26cc7ea437880ecd4bc386c04d130f575a0512f1"}
}
