TN:
SF:src\index.js
FN:17,(anonymous_0)
FN:20,(anonymous_1)
FN:23,(anonymous_2)
FNF:3
FNH:2
FNDA:1,(anonymous_0)
FNDA:0,(anonymous_1)
FNDA:1,(anonymous_2)
DA:7,1
DA:9,1
DA:10,1
DA:13,1
DA:15,1
DA:18,1
DA:20,0
DA:22,1
DA:23,1
DA:24,1
LF:10
LH:9
BRDA:22,0,0,1
BRDA:22,0,1,0
BRF:2
BRH:1
end_of_record
TN:
SF:src\config\db.js
FNF:0
FNH:0
DA:3,1
LF:1
LH:1
BRF:0
BRH:0
end_of_record
TN:
SF:src\models\user.js
FNF:0
FNH:0
DA:4,1
LF:1
LH:1
BRF:0
BRH:0
end_of_record
TN:
SF:src\routes\auth.routes.js
FN:8,(anonymous_0)
FN:29,(anonymous_1)
FNF:2
FNH:2
FNDA:1,(anonymous_0)
FNDA:2,(anonymous_1)
DA:6,1
DA:8,1
DA:9,1
DA:10,1
DA:12,1
DA:13,1
DA:14,1
DA:17,0
DA:18,0
DA:20,0
DA:21,0
DA:23,0
DA:24,0
DA:29,1
DA:30,2
DA:31,2
DA:33,2
DA:34,2
DA:35,0
DA:38,2
DA:39,2
DA:40,1
DA:43,1
DA:44,1
DA:48,1
DA:50,0
DA:51,0
LF:27
LH:18
BRDA:13,0,0,1
BRDA:13,0,1,0
BRDA:34,1,0,0
BRDA:34,1,1,2
BRDA:39,2,0,1
BRDA:39,2,1,1
BRF:6
BRH:4
end_of_record
